2020-10-07 16:58:50,552 -  nornir.core -     INFO -        run() - Running task 'netmiko_send_command' with args {'command_string': 'sh ip int brief'} on 4 hosts
2020-10-07 17:02:43,632 -  nornir.core -     INFO -        run() - Running task 'netmiko_send_command' with args {'command_string': 'commands.txt'} on 4 hosts
2020-10-07 17:03:40,697 -  nornir.core -     INFO -        run() - Running task 'netmiko_send_command' with args {'command_string': 'commands.txt'} on 4 hosts
2020-10-07 17:05:57,285 -  nornir.core -     INFO -        run() - Running task 'netmiko_send_command' with args {'command_string': 'line'} on 4 hosts
2020-10-07 17:06:24,420 -  nornir.core -     INFO -        run() - Running task 'netmiko_send_command' with args {'command_string': 'line'} on 4 hosts
2020-10-07 17:06:25,316 -  nornir.core -     INFO -        run() - Running task 'netmiko_send_command' with args {'command_string': 'line'} on 4 hosts
2020-10-07 17:06:26,247 -  nornir.core -     INFO -        run() - Running task 'netmiko_send_command' with args {'command_string': 'line'} on 4 hosts
2020-10-07 17:07:14,046 -  nornir.core -     INFO -        run() - Running task 'netmiko_send_command' with args {'command_string': 'line'} on 4 hosts
2020-10-07 17:07:40,251 -  nornir.core -     INFO -        run() - Running task 'netmiko_send_command' with args {'command_string': 'line'} on 4 hosts
2020-10-07 17:07:41,117 -  nornir.core -     INFO -        run() - Running task 'netmiko_send_command' with args {'command_string': 'line'} on 4 hosts
2020-10-07 17:07:41,963 -  nornir.core -     INFO -        run() - Running task 'netmiko_send_command' with args {'command_string': 'line'} on 4 hosts
2020-10-07 17:09:41,527 -  nornir.core -     INFO -        run() - Running task 'netmiko_send_command' with args {'config_file': 'commands'} on 4 hosts
2020-10-07 17:09:41,539 - nornir.core.task -    ERROR -      start() - Host 'SW3': task 'netmiko_send_command' failed with traceback:
Traceback (most recent call last):
  File "C:\Users\sultan\AppData\Local\Programs\Python\Python38-32\lib\site-packages\nornir\core\task.py", line 98, in start
    r = self.task(self, **self.params)
TypeError: netmiko_send_command() missing 1 required positional argument: 'command_string'

2020-10-07 17:09:41,540 - nornir.core.task -    ERROR -      start() - Host 'CORE': task 'netmiko_send_command' failed with traceback:
Traceback (most recent call last):
  File "C:\Users\sultan\AppData\Local\Programs\Python\Python38-32\lib\site-packages\nornir\core\task.py", line 98, in start
    r = self.task(self, **self.params)
TypeError: netmiko_send_command() missing 1 required positional argument: 'command_string'

2020-10-07 17:09:41,540 - nornir.core.task -    ERROR -      start() - Host 'SW1': task 'netmiko_send_command' failed with traceback:
Traceback (most recent call last):
  File "C:\Users\sultan\AppData\Local\Programs\Python\Python38-32\lib\site-packages\nornir\core\task.py", line 98, in start
    r = self.task(self, **self.params)
TypeError: netmiko_send_command() missing 1 required positional argument: 'command_string'

2020-10-07 17:09:41,540 - nornir.core.task -    ERROR -      start() - Host 'SW2': task 'netmiko_send_command' failed with traceback:
Traceback (most recent call last):
  File "C:\Users\sultan\AppData\Local\Programs\Python\Python38-32\lib\site-packages\nornir\core\task.py", line 98, in start
    r = self.task(self, **self.params)
TypeError: netmiko_send_command() missing 1 required positional argument: 'command_string'

2020-10-07 17:10:37,330 -  nornir.core -     INFO -        run() - Running task 'netmiko_send_command' with args {'command_string': 'sh ip int brief'} on 4 hosts
2020-10-07 17:11:58,712 -  nornir.core -     INFO -        run() - Running task 'netmiko_send_config' with args {'command_file': 'commands'} on 4 hosts
2020-10-07 17:12:04,676 - nornir.core.task -    ERROR -      start() - Host 'SW3': task 'netmiko_send_config' failed with traceback:
Traceback (most recent call last):
  File "C:\Users\sultan\AppData\Local\Programs\Python\Python38-32\lib\site-packages\nornir\core\task.py", line 98, in start
    r = self.task(self, **self.params)
  File "C:\Users\sultan\AppData\Local\Programs\Python\Python38-32\lib\site-packages\nornir_netmiko\tasks\netmiko_send_config.py", line 31, in netmiko_send_config
    raise ValueError("Must specify either config_commands or config_file")
ValueError: Must specify either config_commands or config_file

2020-10-07 17:12:04,696 - nornir.core.task -    ERROR -      start() - Host 'SW1': task 'netmiko_send_config' failed with traceback:
Traceback (most recent call last):
  File "C:\Users\sultan\AppData\Local\Programs\Python\Python38-32\lib\site-packages\nornir\core\task.py", line 98, in start
    r = self.task(self, **self.params)
  File "C:\Users\sultan\AppData\Local\Programs\Python\Python38-32\lib\site-packages\nornir_netmiko\tasks\netmiko_send_config.py", line 31, in netmiko_send_config
    raise ValueError("Must specify either config_commands or config_file")
ValueError: Must specify either config_commands or config_file

2020-10-07 17:12:04,765 - nornir.core.task -    ERROR -      start() - Host 'SW2': task 'netmiko_send_config' failed with traceback:
Traceback (most recent call last):
  File "C:\Users\sultan\AppData\Local\Programs\Python\Python38-32\lib\site-packages\nornir\core\task.py", line 98, in start
    r = self.task(self, **self.params)
  File "C:\Users\sultan\AppData\Local\Programs\Python\Python38-32\lib\site-packages\nornir_netmiko\tasks\netmiko_send_config.py", line 31, in netmiko_send_config
    raise ValueError("Must specify either config_commands or config_file")
ValueError: Must specify either config_commands or config_file

2020-10-07 17:12:04,882 - nornir.core.task -    ERROR -      start() - Host 'CORE': task 'netmiko_send_config' failed with traceback:
Traceback (most recent call last):
  File "C:\Users\sultan\AppData\Local\Programs\Python\Python38-32\lib\site-packages\nornir\core\task.py", line 98, in start
    r = self.task(self, **self.params)
  File "C:\Users\sultan\AppData\Local\Programs\Python\Python38-32\lib\site-packages\nornir_netmiko\tasks\netmiko_send_config.py", line 31, in netmiko_send_config
    raise ValueError("Must specify either config_commands or config_file")
ValueError: Must specify either config_commands or config_file

2020-10-07 17:12:43,687 -  nornir.core -     INFO -        run() - Running task 'netmiko_send_config' with args {'config_file': 'commands'} on 4 hosts
2020-10-07 17:14:21,636 -  nornir.core -     INFO -        run() - Running task 'netmiko_send_config' with args {'config_file': 'commands'} on 4 hosts
